<?xml version="1.0" encoding="UTF-8"?>
<!-- Generated by org.testng.reporters.JUnitReportReporter -->
<testsuite skipped="0" hostname="DESKTOP-M4622L9" name="cucumberOptions.RunnerTest" tests="2" failures="0" timestamp="2021-03-09T20:11:20 GMT" time="30.051" errors="0">
  <testcase name="runScenario" time="11.611" classname="cucumberOptions.RunnerTest"/>
  <system-out/>
  <testcase name="runScenario" time="18.440" classname="cucumberOptions.RunnerTest"/>
  <system-out/>
</testsuite> <!-- cucumberOptions.RunnerTest -->
