<?xml version="1.0" encoding="UTF-8"?>
<!-- Generated by org.testng.reporters.JUnitReportReporter -->
<testsuite skipped="0" hostname="DESKTOP-M4622L9" name="web_api_automation_fw.SeleniumDemoTest" tests="2" failures="0" timestamp="2021-03-09T20:14:04 GMT" time="19.124" errors="0">
  <testcase name="seleniumDemo2" time="9.280" classname="web_api_automation_fw.SeleniumDemoTest"/>
  <system-out/>
  <testcase name="seleniumDemo1" time="9.844" classname="web_api_automation_fw.SeleniumDemoTest"/>
  <system-out/>
</testsuite> <!-- web_api_automation_fw.SeleniumDemoTest -->
