<?xml version="1.0" encoding="UTF-8"?>
<!-- Generated by org.testng.reporters.JUnitReportReporter -->
<testsuite skipped="0" hostname="DESKTOP-M4622L9" name="web_api_automation_fw.TestNGDemo" tests="1" failures="0" timestamp="2021-03-09T20:14:04 GMT" time="0.000" errors="0">
  <testcase name="testNGDemo" time="0.000" classname="web_api_automation_fw.TestNGDemo"/>
  <system-out/>
</testsuite> <!-- web_api_automation_fw.TestNGDemo -->
