<?xml version="1.0" encoding="UTF-8"?>
<!-- Generated by org.testng.reporters.JUnitReportReporter -->
<testsuite skipped="0" hostname="DESKTOP-M4622L9" name="cucumberOptions.RunnerTest" tests="2" failures="0" timestamp="2021-03-09T20:14:58 GMT" time="24.552" errors="0">
  <testcase name="runScenario" time="8.662" classname="cucumberOptions.RunnerTest"/>
  <system-out/>
  <testcase name="runScenario" time="15.890" classname="cucumberOptions.RunnerTest"/>
  <system-out/>
</testsuite> <!-- cucumberOptions.RunnerTest -->
