<?xml version="1.0" encoding="UTF-8"?>
<!-- Generated by org.testng.reporters.JUnitReportReporter -->
<testsuite skipped="0" hostname="DESKTOP-M4622L9" name="web_api_automation_fw.SeleniumGridDemoTest" tests="1" failures="0" timestamp="2021-03-09T20:14:04 GMT" time="5.730" errors="0">
  <testcase name="seleniumGridDemoTc" time="5.730" classname="web_api_automation_fw.SeleniumGridDemoTest"/>
  <system-out/>
</testsuite> <!-- web_api_automation_fw.SeleniumGridDemoTest -->
